[debug] [2022-08-02T20:10:48.685Z] ----------------------------------------------------------------------
[debug] [2022-08-02T20:10:48.686Z] Command:       /usr/local/bin/node /usr/local/bin/firebase init
[debug] [2022-08-02T20:10:48.687Z] CLI Version:   11.4.1
[debug] [2022-08-02T20:10:48.687Z] Platform:      darwin
[debug] [2022-08-02T20:10:48.687Z] Node Version:  v16.14.2
[debug] [2022-08-02T20:10:48.688Z] Time:          Tue Aug 02 2022 17:10:48 GMT-0300 (Argentina Standard Time)
[debug] [2022-08-02T20:10:48.688Z] ----------------------------------------------------------------------
[debug] 
[debug] [2022-08-02T20:10:48.693Z] > command requires scopes: ["email","openid","https://www.googleapis.com/auth/cloudplatformprojects.readonly","https://www.googleapis.com/auth/firebase","https://www.googleapis.com/auth/cloud-platform"]
[debug] [2022-08-02T20:10:48.694Z] > authorizing via signed-in user (jacobguillermooo@gmail.com)
[info] 
     ######## #### ########  ######## ########     ###     ######  ########
     ##        ##  ##     ## ##       ##     ##  ##   ##  ##       ##
     ######    ##  ########  ######   ########  #########  ######  ######
     ##        ##  ##    ##  ##       ##     ## ##     ##       ## ##
     ##       #### ##     ## ######## ########  ##     ##  ######  ########

You're about to initialize a Firebase project in this directory:

  /Users/jacobdominguez/Documents/codiyapa/cotidiano

[info] 
=== Project Setup
[info] 
[info] First, let's associate this project directory with a Firebase project.
[info] You can create multiple project aliases by running firebase use --add, 
[info] but for now we'll just set up a default project.
[info] 
[info] i  If you want to create a project in a Google Cloud organization or folder, please use "firebase projects:create" instead, and return to this command when you've created the project. 
[debug] [2022-08-02T20:11:29.889Z] >>> [apiv2][query] POST https://cloudresourcemanager.googleapis.com/v1/projects [none]
[debug] [2022-08-02T20:11:29.889Z] >>> [apiv2][body] POST https://cloudresourcemanager.googleapis.com/v1/projects {"projectId":"cotidianoPortfolio","name":"Cotidiano"}
[debug] [2022-08-02T20:11:30.886Z] <<< [apiv2][status] POST https://cloudresourcemanager.googleapis.com/v1/projects 400
[debug] [2022-08-02T20:11:30.886Z] <<< [apiv2][body] POST https://cloudresourcemanager.googleapis.com/v1/projects {"error":{"code":400,"message":"field [project_id] has issue [project_id contains invalid characters]","status":"INVALID_ARGUMENT","details":[{"@type":"type.googleapis.com/google.rpc.BadRequest","fieldViolations":[{"field":"project_id","description":"project_id contains invalid characters"}]},{"@type":"type.googleapis.com/google.rpc.Help","links":[{"url":"https://cloud.google.com/resource-manager/reference/rest/v1/projects"}]}]}}
[debug] [2022-08-02T20:11:31.035Z] FirebaseError: HTTP Error: 400, field [project_id] has issue [project_id contains invalid characters]
    at responseToError (/usr/local/lib/node_modules/firebase-tools/lib/responseToError.js:49:12)
    at RetryOperation._fn (/usr/local/lib/node_modules/firebase-tools/lib/apiv2.js:288:77)
    at processTicksAndRejections (node:internal/process/task_queues:96:5)
[error] 
[error] Error: Failed to create project. See firebase-debug.log for more info.
